<?xml version="1.0" encoding="utf-8"?>
<testsuites>
	<testsuite name="AvailabilitySync" time="1.204764" disabled="0" errors="0" tests="2" failures="1" skipped="1" hostname="runnervm5mmn9">
		<testsuite name="TV season availability - Jellyfin" time="0.440070" disabled="0" errors="0" tests="5" failures="1" skipped="0" hostname="runnervm5mmn9">
			<testcase name="should mark deleted seasons as DELETED when only some seasons exist in Jellyfin and Sonarr" time="0.158175" classname="test"/>
			<testcase name="should still mark deleted seasons when externalServiceId is null (no Sonarr link)" time="0.084491" classname="test"/>
			<testcase name="should mark deleted seasons even when Jellyfin returns empty season metadata entries (real-world behavior)" time="0.076410" classname="test"/>
			<testcase name="should assume season exists when getEpisodes fails (safe fallback)" time="0.053892" classname="test"/>
			<testcase name="should mark show as PARTIALLY_AVAILABLE when some seasons are available and some are unknown" time="0.065519" classname="test" failure="Show should be PARTIALLY_AVAILABLE when some seasons are available and some are unknown5 !== 4">
				<failure type="testCodeFailure" message="Show should be PARTIALLY_AVAILABLE when some seasons are available and some are unknown5 !== 4">
[Error [ERR_TEST_FAILURE]: Show should be PARTIALLY_AVAILABLE when some seasons are available and some are unknown

5 !== 4
] {
  code: 'ERR_TEST_FAILURE',
  failureType: 'testCodeFailure',
  cause: AssertionError [ERR_ASSERTION]: Show should be PARTIALLY_AVAILABLE when some seasons are available and some are unknown
  
  5 !== 4
  
      at TestContext.&lt;anonymous> (/home/runner/work/seerr/seerr/server/lib/availabilitySync.test.ts:893:14)
      at async Test.run (node:internal/test_runner/test:1054:7)
      at async Suite.processPendingSubtests (node:internal/test_runner/test:744:7) {
    generatedMessage: false,
    code: 'ERR_ASSERTION',
    actual: 5,
    expected: 4,
    operator: 'strictEqual',
    diff: 'simple'
  }
}
				</failure>
			</testcase>
		</testsuite>
		<testsuite name="TV season availability - Plex" time="0.212686" disabled="0" errors="0" tests="3" failures="0" skipped="0" hostname="runnervm5mmn9">
			<testcase name="should mark deleted seasons when Plex returns empty season metadata entries" time="0.079869" classname="test"/>
			<testcase name="should assume season exists when getChildrenMetadata fails for episodes (safe fallback)" time="0.058749" classname="test"/>
			<testcase name="should mark deleted seasons when only some seasons have episodes in Plex (no Sonarr link)" time="0.073476" classname="test"/>
		</testsuite>
	</testsuite>
	<testsuite name="Jellyfin Scanner" time="4.600465" disabled="0" errors="0" tests="1" failures="0" skipped="0" hostname="runnervm5mmn9">
		<testsuite name="empty TMDB season handling" time="4.082713" disabled="0" errors="0" tests="1" failures="0" skipped="0" hostname="runnervm5mmn9">
			<testcase name="should mark show as available when all non-empty TMDB seasons are fully scanned and an empty placeholder season exists in the DB" time="4.082006" classname="test"/>
		</testsuite>
	</testsuite>
	<testsuite name="Radarr Scanner" time="33.311694" disabled="0" errors="0" tests="3" failures="0" skipped="0" hostname="runnervm5mmn9">
		<testsuite name="unmonitored movie handling" time="24.348704" disabled="0" errors="0" tests="6" failures="0" skipped="0" hostname="runnervm5mmn9">
			<testcase name="resets PROCESSING to UNKNOWN when movie is unmonitored and has no file" time="4.073882" classname="test"/>
			<testcase name="does not create new media entry when movie is unmonitored and has no file" time="4.045154" classname="test"/>
			<testcase name="sets AVAILABLE when movie has a file" time="4.063788" classname="test"/>
			<testcase name="sets PROCESSING when movie is monitored but has no file" time="4.052308" classname="test"/>
			<testcase name="preserves DELETED status when movie is monitored but has no file" time="4.055817" classname="test"/>
			<testcase name="keeps AVAILABLE status even when movie is unmonitored" time="4.056717" classname="test"/>
		</testsuite>
		<testsuite name="orphaned movie cleanup" time="8.335221" disabled="0" errors="0" tests="6" failures="0" skipped="0" hostname="runnervm5mmn9">
			<testcase name="skips cleanup when a standard server has sync disabled" time="0.055199" classname="test"/>
			<testcase name="resets PROCESSING to UNKNOWN when movie is not in any Radarr server" time="0.060974" classname="test"/>
			<testcase name="does not reset AVAILABLE movie when missing from Radarr" time="0.046710" classname="test"/>
			<testcase name="does not reset PROCESSING movie that still exists in Radarr" time="4.061534" classname="test"/>
			<testcase name="does not reset TV media that is missing from Radarr" time="0.047067" classname="test"/>
			<testcase name="only resets orphaned movies not found across all servers" time="4.062976" classname="test"/>
		</testsuite>
		<testsuite name="4k orphaned movie cleanup" time="0.098911" disabled="0" errors="0" tests="2" failures="0" skipped="0" hostname="runnervm5mmn9">
			<testcase name="resets 4k PROCESSING to UNKNOWN when movie is not in any Radarr server" time="0.052304" classname="test"/>
			<testcase name="does not reset 4k AVAILABLE when movie is missing from Radarr" time="0.046358" classname="test"/>
		</testsuite>
	</testsuite>
	<testsuite name="Sonarr Scanner" time="9.090844" disabled="0" errors="0" tests="2" failures="0" skipped="0" hostname="runnervm5mmn9">
		<testsuite name="orphaned show cleanup" time="8.457661" disabled="0" errors="0" tests="8" failures="0" skipped="0" hostname="runnervm5mmn9">
			<testcase name="skips cleanup when a standard server has sync disabled" time="0.059616" classname="test"/>
			<testcase name="resets PROCESSING to UNKNOWN when show is not in any Sonarr server" time="0.058566" classname="test"/>
			<testcase name="does not reset AVAILABLE show when missing from Sonarr" time="0.047360" classname="test"/>
			<testcase name="does not reset PROCESSING show that still exists in Sonarr" time="4.063300" classname="test"/>
			<testcase name="only resets season statuses that are PROCESSING on orphaned shows" time="0.052434" classname="test"/>
			<testcase name="does not reset movie media that is missing from Sonarr" time="0.051554" classname="test"/>
			<testcase name="only resets orphaned shows not found across all servers" time="4.070151" classname="test"/>
			<testcase name="skips shows without a tvdbId during cleanup" time="0.053355" classname="test"/>
		</testsuite>
		<testsuite name="4k orphaned show cleanup" time="0.106111" disabled="0" errors="0" tests="2" failures="0" skipped="0" hostname="runnervm5mmn9">
			<testcase name="resets 4k PROCESSING to UNKNOWN when show is not in any Sonarr server" time="0.048521" classname="test"/>
			<testcase name="does not reset 4k AVAILABLE season when show is orphaned" time="0.057263" classname="test"/>
		</testsuite>
	</testsuite>
	<testsuite name="WatchlistSync re-request gating" time="0.667576" disabled="0" errors="0" tests="2" failures="0" skipped="0" hostname="runnervm5mmn9">
		<testcase name="re-requests DELETED watchlist items and skips non-requestable ones" time="0.079710" classname="test"/>
		<testcase name="re-requests DELETED watchlist items even when a stale auto-request exists" time="0.057470" classname="test"/>
	</testsuite>
	<testsuite name="GET /auth/me" time="1.156370" disabled="0" errors="0" tests="3" failures="0" skipped="0" hostname="runnervm5mmn9">
		<testcase name="returns 403 when not authenticated" time="0.067404" classname="test"/>
		<testcase name="returns the authenticated user" time="0.302723" classname="test"/>
		<testcase name="includes userEmailRequired warning when email is required but invalid" time="0.297657" classname="test"/>
	</testsuite>
	<testsuite name="POST /auth/local" time="1.629652" disabled="0" errors="0" tests="9" failures="0" skipped="0" hostname="runnervm5mmn9">
		<testcase name="returns 200 and user data on valid credentials" time="0.289787" classname="test"/>
		<testcase name="returns 403 on wrong password" time="0.284019" classname="test"/>
		<testcase name="returns 403 for nonexistent user" time="0.051535" classname="test"/>
		<testcase name="returns 500 when local login is disabled" time="0.046092" classname="test"/>
		<testcase name="returns 500 when email is missing" time="0.048158" classname="test"/>
		<testcase name="returns 500 when password is missing" time="0.047171" classname="test"/>
		<testcase name="is case-insensitive for email" time="0.281111" classname="test"/>
		<testcase name="allows the non-admin user to log in" time="0.282468" classname="test"/>
		<testcase name="sets a session on successful login" time="0.298191" classname="test"/>
	</testsuite>
	<testsuite name="POST /auth/logout" time="0.336034" disabled="0" errors="0" tests="2" failures="0" skipped="0" hostname="runnervm5mmn9">
		<testcase name="returns 200 when not logged in" time="0.043628" classname="test"/>
		<testcase name="destroys session and returns 200 when logged in" time="0.292178" classname="test"/>
	</testsuite>
	<testsuite name="POST /auth/reset-password" time="0.208429" disabled="0" errors="0" tests="4" failures="0" skipped="0" hostname="runnervm5mmn9">
		<testcase name="returns 200 for a valid email" time="0.056617" classname="test"/>
		<testcase name="returns 200 for nonexistent email (does not reveal user existence)" time="0.042141" classname="test"/>
		<testcase name="returns 500 when email is missing" time="0.043384" classname="test"/>
		<testcase name="sets a resetPasswordGuid on the user" time="0.065940" classname="test"/>
	</testsuite>
	<testsuite name="POST /auth/reset-password/:guid" time="1.287026" disabled="0" errors="0" tests="6" failures="0" skipped="0" hostname="runnervm5mmn9">
		<testcase name="resets password with a valid guid and password" time="0.776629" classname="test"/>
		<testcase name="returns 500 for an invalid guid" time="0.053998" classname="test"/>
		<testcase name="returns 500 when password is too short" time="0.050241" classname="test"/>
		<testcase name="returns 500 when password is missing" time="0.050368" classname="test"/>
		<testcase name="returns 500 for an expired recovery link" time="0.059839" classname="test"/>
		<testcase name="cannot reuse a guid after successful reset" time="0.295436" classname="test"/>
	</testsuite>
	<testsuite name="DELETE /request/:requestId" time="2.078853" disabled="0" errors="0" tests="5" failures="0" skipped="0" hostname="runnervm5mmn9">
		<testcase name="allows the owner to delete their own pending request" time="0.350405" classname="test"/>
		<testcase name="allows an admin to delete any pending request" time="0.320713" classname="test"/>
		<testcase name="prevents a non-owner non-admin from deleting a pending request" time="0.315554" classname="test"/>
		<testcase name="prevents the owner from deleting an approved request" time="0.309029" classname="test"/>
		<testcase name="returns 404 for a non-existent request" time="0.292226" classname="test"/>
	</testsuite>
	<testsuite name="PUT /request/:requestId (movie)" time="0.315411" disabled="0" errors="0" tests="1" failures="0" skipped="0" hostname="runnervm5mmn9">
		<testcase name="persists server and root folder changes to the database" time="0.315185" classname="test"/>
	</testsuite>
	<testsuite name="POST /request/:requestId/:status" time="0.624845" disabled="0" errors="0" tests="2" failures="0" skipped="0" hostname="runnervm5mmn9">
		<testcase name="transitions to approved and records the acting user" time="0.311783" classname="test"/>
		<testcase name="transitions to declined and records the acting user" time="0.312471" classname="test"/>
	</testsuite>
	<testsuite name="POST /request/:requestId/retry" time="0.311701" disabled="0" errors="0" tests="1" failures="0" skipped="0" hostname="runnervm5mmn9">
		<testcase name="re-approves a failed request and records the acting user" time="0.311460" classname="test"/>
	</testsuite>
	<testsuite name="DELETE /request/:requestId, deleted media status restoration" time="1.902147" disabled="0" errors="0" tests="6" failures="0" skipped="0" hostname="runnervm5mmn9">
		<testcase name="restores media status to DELETED when the re-request is deleted and a stale completed request remains" time="0.316082" classname="test"/>
		<testcase name="restores media status4k to DELETED when the re-request is deleted and a stale completed request remains" time="0.313030" classname="test"/>
		<testcase name="resets media status to UNKNOWN when the stale completed request is also deleted" time="0.325430" classname="test"/>
		<testcase name="resets media status4k to UNKNOWN when the stale completed 4K request is also deleted" time="0.333336" classname="test"/>
		<testcase name="does not reset media status when other active requests still exist" time="0.308188" classname="test"/>
		<testcase name="does not reset media status when status is PARTIALLY_AVAILABLE and only completed requests remain" time="0.305524" classname="test"/>
	</testsuite>
	<!-- tests 74 -->
	<!-- suites 23 -->
	<!-- pass 73 -->
	<!-- fail 1 -->
	<!-- cancelled 0 -->
	<!-- skipped 0 -->
	<!-- todo 0 -->
	<!-- duration_ms 95458.070182 -->
</testsuites>
